RAT, version 1.0.1
Status messages enabled: info detail 
Hostname: Ubuntu20 PID: 5391
Seeding random number generator: 1890157423
DB: Loading /home/abat/Simulation/WMUtils/enrg_ratpac/data/BNL_WLS_MODEL.ratdb ... Success!
DB: Loading /home/abat/Simulation/WMUtils/enrg_ratpac/data/BONSAI.ratdb ... Success!
DB: Loading /home/abat/Simulation/WMUtils/enrg_ratpac/data/DAQ.ratdb ... Success!
DB: Loading /home/abat/Simulation/WMUtils/enrg_ratpac/data/DETECTOR.ratdb ... Success!
DB: Loading /home/abat/Simulation/WMUtils/enrg_ratpac/data/DICEBOX158GD.ratdb ... Success!
DB: Loading /home/abat/Simulation/WMUtils/enrg_ratpac/data/ELEMENTS.ratdb ... Success!
DB: Loading /home/abat/Simulation/WMUtils/enrg_ratpac/data/IBD.ratdb ... Success!
DB: Loading /home/abat/Simulation/WMUtils/enrg_ratpac/data/IO.ratdb ... Success!
DB: Loading /home/abat/Simulation/WMUtils/enrg_ratpac/data/MATERIALS.ratdb ... Success!
DB: Loading /home/abat/Simulation/WMUtils/enrg_ratpac/data/MATERIALS_WM_wbls_Jan21.ratdb ... Success!
DB: Loading /home/abat/Simulation/WMUtils/enrg_ratpac/data/MATERIALS_Watchman.ratdb ... DB: Replacing default MATERIAL[photocathode_R7081HQE] in database.

DB: Replacing default MATERIAL[photocathode_R3600] in database.

Success!
DB: Loading /home/abat/Simulation/WMUtils/enrg_ratpac/data/MC.ratdb ... Success!
DB: Loading /home/abat/Simulation/WMUtils/enrg_ratpac/data/NOISE.ratdb ... Success!
DB: Loading /home/abat/Simulation/WMUtils/enrg_ratpac/data/NOISEProc.ratdb ... Success!
DB: Loading /home/abat/Simulation/WMUtils/enrg_ratpac/data/NTUPLE.ratdb ... Success!
DB: Loading /home/abat/Simulation/WMUtils/enrg_ratpac/data/OPTICS.ratdb ... Success!
DB: Loading /home/abat/Simulation/WMUtils/enrg_ratpac/data/OPTICS_WM_wbls_Jan21.ratdb ... Success!
DB: Loading /home/abat/Simulation/WMUtils/enrg_ratpac/data/OPTICS_Watchman.ratdb ... DB: Replacing default OPTICS[photocathode_R7081HQE] in database.

DB: Replacing default OPTICS[photocathode_R3600] in database.

Success!
DB: Loading /home/abat/Simulation/WMUtils/enrg_ratpac/data/PMT.ratdb ... Success!
DB: Loading /home/abat/Simulation/WMUtils/enrg_ratpac/data/PMTCHARGE.ratdb ... Success!
DB: Loading /home/abat/Simulation/WMUtils/enrg_ratpac/data/PMTINFO.ratdb ... Success!
DB: Loading /home/abat/Simulation/WMUtils/enrg_ratpac/data/PMTTRANSIT.ratdb ... Success!
DB: Loading /home/abat/Simulation/WMUtils/enrg_ratpac/data/RUN.ratdb ... Success!
DB: Loading /home/abat/Simulation/WMUtils/enrg_ratpac/data/SPECTRUM.ratdb ... Success!
DB: Loading /home/abat/Simulation/WMUtils/enrg_ratpac/data/SPECTRUM_SUPERNOVA.ratdb ... Success!
DB: Loading /home/abat/Simulation/WMUtils/enrg_ratpac/data/SURFACES_Watchman.ratdb ... Success!
DB: Loading /home/abat/Simulation/WMUtils/enrg_ratpac/data/WIMP.ratdb ... Success!

**************************************************************
 Geant4 version Name: geant4-10-04-patch-03    (8-February-2019)
                       Copyright : Geant4 Collaboration
                      References : NIM A 506 (2003), 250-303
                                 : IEEE-TNS 53 (2006), 270-278
                                 : NIM A 835 (2016), 186-225
                             WWW : http://geant4.org/
**************************************************************

<<< Geant4 Physics List simulation engine: Shielding 2.1

Visualization Manager instantiating with verbosity "warnings (3)"...
Visualization Manager initialising...
Registering graphics systems...

You have successfully registered the following graphics systems.
Current available graphics systems are:
ASCIITree (ATree)
DAWNFILE (DAWNFILE)
G4HepRep (HepRepXML)
G4HepRepFile (HepRepFile)
G4HepRep (HepRepXML)
RayTracer (RayTracer)
VRML1FILE (VRML1FILE)
VRML2FILE (VRML2FILE)
OpenGLImmediateQt (OGLIQt)
OpenGLStoredQt (OGLSQt)

Registering model factories...

You have successfully registered the following model factories.
Registered model factories:
  generic
  drawByCharge
  drawByParticleID
  drawByOriginVolume
  drawByAttribute

Registered models:
  watchmodel (Current)

Registered filter factories:
  chargeFilter
  particleFilter
  originVolumeFilter
  attributeFilter

You have successfully registered the following user vis actions.
Run Duration User Vis Actions: none
End of Event User Vis Actions: none
End of Run User Vis Actions: none

Some /vis commands (optionally) take a string to specify colour.
"/vis/list" to see available colours.
Available UI session types: [ Qt, GAG, tcsh, csh ]
